<?xml version="1.0" encoding="UTF-8"?>
<!-- Generated by org.testng.reporters.JUnitReportReporter -->
<testsuite hostname="Sagar" failures="0" tests="1" name="test.NaptolHomePageTest" time="9.190" errors="0" timestamp="2024-11-28T16:27:42 IST" skipped="0">
  <testcase classname="test.NaptolHomePageTest" name="searchAValidProduct" time="9.190"/>
</testsuite> <!-- test.NaptolHomePageTest -->
