<?xml version="1.0" encoding="UTF-8"?>
<!-- Generated by org.testng.reporters.JUnitReportReporter -->
<testsuite hostname="Sagar" failures="0" tests="1" name="test.SortPageTest" time="32.937" errors="0" timestamp="2024-12-07T20:15:35 IST" skipped="0">
  <testcase classname="test.SortPageTest" name="VerifySortFeature" time="32.937"/>
</testsuite> <!-- test.SortPageTest -->
