<?xml version="1.0" encoding="UTF-8"?>
<!-- Generated by org.testng.reporters.JUnitReportReporter -->
<testsuite hostname="Sagar" failures="0" tests="1" name="test.NaptolCartPageTest" time="30.151" errors="0" timestamp="2024-12-07T17:14:32 IST" skipped="0">
  <testcase classname="test.NaptolCartPageTest" name="verifyAddingMultipleProductToCart" time="30.151"/>
</testsuite> <!-- test.NaptolCartPageTest -->
