<?xml version="1.0" encoding="UTF-8"?>
<!-- Generated by org.testng.reporters.JUnitReportReporter -->
<testsuite hostname="Sagar" failures="0" tests="1" name="test.NaptolCartPageTest" time="20.755" errors="0" timestamp="2024-12-03T22:06:20 IST" skipped="0">
  <testcase classname="test.NaptolCartPageTest" name="VerifyRemovingProductFromCart" time="20.755"/>
</testsuite> <!-- test.NaptolCartPageTest -->
