<?xml version="1.0" encoding="UTF-8"?>
<!-- Generated by org.testng.reporters.JUnitReportReporter -->
<testsuite hostname="Sagar" failures="0" tests="1" name="test.NaptolHomePageTest" time="6.421" errors="0" timestamp="2024-11-29T16:59:03 IST" skipped="0">
  <testcase classname="test.NaptolHomePageTest" name="verifyOnClickingShoppingCategories" time="6.421"/>
</testsuite> <!-- test.NaptolHomePageTest -->
