<?xml version="1.0" encoding="UTF-8"?>
<!-- Generated by org.testng.reporters.JUnitReportReporter -->
<testsuite hostname="Sagar" failures="0" tests="1" name="test.NaptolHomePageTest" time="11.365" errors="0" timestamp="2024-12-03T00:15:23 IST" skipped="0">
  <testcase classname="test.NaptolHomePageTest" name="VerifyProductDetailsAreCorrectIfViewInNewTab" time="11.365"/>
</testsuite> <!-- test.NaptolHomePageTest -->
