<?xml version="1.0" encoding="UTF-8"?>
<!-- Generated by org.testng.reporters.JUnitReportReporter -->
<testsuite hostname="Sagar" failures="0" tests="1" name="test.NaptolProductDetailsPageTest" time="9.688" errors="0" timestamp="2024-12-03T15:56:18 IST" skipped="0">
  <testcase classname="test.NaptolProductDetailsPageTest" name="verifyAddProductToCartUsingProductDetailPage" time="9.688"/>
</testsuite> <!-- test.NaptolProductDetailsPageTest -->
