<?xml version="1.0" encoding="UTF-8"?>
<!-- Generated by org.testng.reporters.JUnitReportReporter -->
<testsuite hostname="Sagar" failures="0" tests="1" name="test.NaptolProductDetailsPageTest" time="11.723" errors="0" timestamp="2024-12-07T17:00:06 IST" skipped="0">
  <testcase classname="test.NaptolProductDetailsPageTest" name="verifyAddProductToCartUsingProductDetailPage" time="11.723"/>
</testsuite> <!-- test.NaptolProductDetailsPageTest -->
