<?xml version="1.0" encoding="UTF-8"?>
<!-- Generated by org.testng.reporters.JUnitReportReporter -->
<testsuite hostname="Sagar" failures="0" tests="1" name="test.NaptolQuickViewTest" time="9.344" errors="0" timestamp="2024-12-03T15:41:47 IST" skipped="0">
  <testcase classname="test.NaptolQuickViewTest" name="verifyAddProductToCartUsingQuickView" time="9.344"/>
</testsuite> <!-- test.NaptolQuickViewTest -->
