<?xml version="1.0" encoding="UTF-8"?>
<!-- Generated by org.testng.reporters.JUnitReportReporter -->
<testsuite hostname="Sagar" failures="0" tests="1" name="test.NaptolCartPageTest" time="29.414" errors="0" timestamp="2024-12-07T20:01:03 IST" skipped="0">
  <testcase classname="test.NaptolCartPageTest" name="VerifyRemovingProductFromCart" time="29.414"/>
</testsuite> <!-- test.NaptolCartPageTest -->
