<?xml version="1.0" encoding="UTF-8"?>
<!-- Generated by org.testng.reporters.JUnitReportReporter -->
<testsuite hostname="Sagar" failures="0" tests="6" name="test.NaptolHomePageTest" time="47.274" errors="0" timestamp="2024-12-07T16:51:35 IST" skipped="0">
  <testcase classname="test.NaptolHomePageTest" name="searchAInvalidProduct" time="7.362"/>
  <testcase classname="test.NaptolHomePageTest" name="VerifyProductDetailsAreCorrectIfViewInNewTab" time="7.177"/>
  <testcase classname="test.NaptolHomePageTest" name="VerifyIfProdutDetailsAreCorrcetIfViewInQuickView" time="15.207"/>
  <testcase classname="test.NaptolHomePageTest" name="verifyOnClickingShoppingCategories" time="4.278"/>
  <testcase classname="test.NaptolHomePageTest" name="VerifySortFeature" time="6.216"/>
  <testcase classname="test.NaptolHomePageTest" name="searchAValidProduct" time="7.034"/>
</testsuite> <!-- test.NaptolHomePageTest -->
